<?xml version="1.0" encoding="UTF-8"?>
<!-- Generated by org.testng.reporters.JUnitReportReporter -->
<testsuite hostname="DESKTOP-IKE3HVD" failures="0" tests="1" name="com.training.sanity.tests.LoginTests" time="28.753" errors="0" timestamp="03 Mar 2020 10:48:25 GMT" skipped="0">
  <testcase classname="com.training.sanity.tests.LoginTests" name="validLoginTest" time="28.753"/>
</testsuite> <!-- com.training.sanity.tests.LoginTests -->
