<?xml version="1.0" encoding="UTF-8"?>
<!-- Generated by org.testng.reporters.JUnitReportReporter -->
<testsuite hostname="DESKTOP-IKE3HVD" failures="0" tests="1" name="com.training.sanity.tests.TC003_Simple" time="108.863" errors="0" timestamp="22 Mar 2020 17:55:58 GMT" skipped="0">
  <testcase classname="com.training.sanity.tests.TC003_Simple" name="StPwdChange" time="108.863"/>
</testsuite> <!-- com.training.sanity.tests.TC003_Simple -->
