<?xml version="1.0" encoding="UTF-8"?>
<!-- Generated by org.testng.reporters.JUnitReportReporter -->
<testsuite hostname="DESKTOP-IKE3HVD" failures="0" tests="1" name="com.training.sanity.tests.Simple_TC001" time="23.946" errors="0" timestamp="04 Mar 2020 08:45:07 GMT" skipped="0">
  <testcase classname="com.training.sanity.tests.Simple_TC001" name="RegisterAsStudent" time="23.946"/>
</testsuite> <!-- com.training.sanity.tests.Simple_TC001 -->
