<?xml version="1.0" encoding="UTF-8"?>
<!-- Generated by org.testng.reporters.JUnitReportReporter -->
<testsuite hostname="DESKTOP-IKE3HVD" failures="0" tests="2" name="com.training.regression.tests.ELTC061_Complex" time="60.538" errors="0" timestamp="21 Mar 2020 11:52:31 GMT" skipped="0">
  <testcase classname="com.training.regression.tests.ELTC061_Complex" name="RegisterStudent" time="31.431"/>
  <testcase classname="com.training.regression.tests.ELTC061_Complex" name="RegisterStudent" time="29.107"/>
</testsuite> <!-- com.training.regression.tests.ELTC061_Complex -->
