<?xml version="1.0" encoding="UTF-8"?>
<!-- Generated by org.testng.reporters.JUnitReportReporter -->
<testsuite hostname="DESKTOP-IKE3HVD" failures="0" tests="1" name="com.training.sanity.tests.TC002_Simple" time="110.764" errors="0" timestamp="22 Mar 2020 17:34:02 GMT" skipped="0">
  <testcase classname="com.training.sanity.tests.TC002_Simple" name="validStudentLogin" time="110.764"/>
</testsuite> <!-- com.training.sanity.tests.TC002_Simple -->
