<?xml version="1.0" encoding="UTF-8"?>
<!-- Generated by org.testng.reporters.JUnitReportReporter -->
<testsuite hostname="DESKTOP-IKE3HVD" failures="0" tests="4" name="com.training.regression.tests.LoginExcelTest" time="120.079" errors="0" timestamp="17 Mar 2020 04:59:58 GMT" skipped="0">
  <testcase classname="com.training.regression.tests.LoginExcelTest" name="loginDBTest" time="30.551"/>
  <testcase classname="com.training.regression.tests.LoginExcelTest" name="loginDBTest" time="30.126"/>
  <testcase classname="com.training.regression.tests.LoginExcelTest" name="loginDBTest" time="30.539"/>
  <testcase classname="com.training.regression.tests.LoginExcelTest" name="loginDBTest" time="28.863"/>
</testsuite> <!-- com.training.regression.tests.LoginExcelTest -->
