<?xml version="1.0" encoding="UTF-8"?>
<!-- Generated by org.testng.reporters.JUnitReportReporter -->
<testsuite hostname="DESKTOP-IKE3HVD" failures="0" tests="1" name="com.training.sanity.tests.TC001_Simple" time="27.354" errors="0" timestamp="21 Mar 2020 11:35:32 GMT" skipped="0">
  <testcase classname="com.training.sanity.tests.TC001_Simple" name="RegisterStudent" time="27.354"/>
</testsuite> <!-- com.training.sanity.tests.TC001_Simple -->
